E, [2017-07-31T18:22:10.065561 #34540] ERROR -- Kitchen: ------Exception-------
E, [2017-07-31T18:22:10.065628 #34540] ERROR -- Kitchen: Class: Kitchen::UserError
E, [2017-07-31T18:22:10.065645 #34540] ERROR -- Kitchen: Message: Kitchen YAML file /Users/ighouri/work/kitchen-oneops/.kitchen.yml does not exist.
E, [2017-07-31T18:22:10.065656 #34540] ERROR -- Kitchen: ----------------------
E, [2017-07-31T18:22:10.065664 #34540] ERROR -- Kitchen: ------Backtrace-------
E, [2017-07-31T18:22:10.065687 #34540] ERROR -- Kitchen: /Users/ighouri/.rvm/gems/ruby-1.9.3-p551/gems/test-kitchen-1.16.0/lib/kitchen/loader/yaml.rb:71:in `read'
E, [2017-07-31T18:22:10.065696 #34540] ERROR -- Kitchen: /Users/ighouri/.rvm/gems/ruby-1.9.3-p551/gems/test-kitchen-1.16.0/lib/kitchen/config.rb:152:in `data'
E, [2017-07-31T18:22:10.065704 #34540] ERROR -- Kitchen: /Users/ighouri/.rvm/gems/ruby-1.9.3-p551/gems/test-kitchen-1.16.0/lib/kitchen/config.rb:131:in `suites'
E, [2017-07-31T18:22:10.065712 #34540] ERROR -- Kitchen: /Users/ighouri/.rvm/gems/ruby-1.9.3-p551/gems/test-kitchen-1.16.0/lib/kitchen/config.rb:182:in `filter_instances'
E, [2017-07-31T18:22:10.065720 #34540] ERROR -- Kitchen: /Users/ighouri/.rvm/gems/ruby-1.9.3-p551/gems/test-kitchen-1.16.0/lib/kitchen/config.rb:141:in `build_instances'
E, [2017-07-31T18:22:10.065728 #34540] ERROR -- Kitchen: /Users/ighouri/.rvm/gems/ruby-1.9.3-p551/gems/test-kitchen-1.16.0/lib/kitchen/config.rb:117:in `instances'
E, [2017-07-31T18:22:10.065736 #34540] ERROR -- Kitchen: /Users/ighouri/.rvm/gems/ruby-1.9.3-p551/gems/test-kitchen-1.16.0/lib/kitchen/command.rb:112:in `filtered_instances'
E, [2017-07-31T18:22:10.065753 #34540] ERROR -- Kitchen: /Users/ighouri/.rvm/gems/ruby-1.9.3-p551/gems/test-kitchen-1.16.0/lib/kitchen/command.rb:142:in `parse_subcommand'
E, [2017-07-31T18:22:10.065761 #34540] ERROR -- Kitchen: /Users/ighouri/.rvm/gems/ruby-1.9.3-p551/gems/test-kitchen-1.16.0/lib/kitchen/command/list.rb:30:in `call'
E, [2017-07-31T18:22:10.065768 #34540] ERROR -- Kitchen: /Users/ighouri/.rvm/gems/ruby-1.9.3-p551/gems/test-kitchen-1.16.0/lib/kitchen/cli.rb:53:in `perform'
E, [2017-07-31T18:22:10.065776 #34540] ERROR -- Kitchen: /Users/ighouri/.rvm/gems/ruby-1.9.3-p551/gems/test-kitchen-1.16.0/lib/kitchen/cli.rb:121:in `list'
E, [2017-07-31T18:22:10.065783 #34540] ERROR -- Kitchen: /Users/ighouri/.rvm/gems/ruby-1.9.3-p551/gems/thor-0.19.1/lib/thor/command.rb:27:in `run'
E, [2017-07-31T18:22:10.065791 #34540] ERROR -- Kitchen: /Users/ighouri/.rvm/gems/ruby-1.9.3-p551/gems/thor-0.19.1/lib/thor/invocation.rb:126:in `invoke_command'
E, [2017-07-31T18:22:10.065798 #34540] ERROR -- Kitchen: /Users/ighouri/.rvm/gems/ruby-1.9.3-p551/gems/test-kitchen-1.16.0/lib/kitchen/cli.rb:334:in `invoke_task'
E, [2017-07-31T18:22:10.065805 #34540] ERROR -- Kitchen: /Users/ighouri/.rvm/gems/ruby-1.9.3-p551/gems/thor-0.19.1/lib/thor.rb:359:in `dispatch'
E, [2017-07-31T18:22:10.065813 #34540] ERROR -- Kitchen: /Users/ighouri/.rvm/gems/ruby-1.9.3-p551/gems/thor-0.19.1/lib/thor/base.rb:440:in `start'
E, [2017-07-31T18:22:10.065820 #34540] ERROR -- Kitchen: /Users/ighouri/.rvm/gems/ruby-1.9.3-p551/gems/test-kitchen-1.16.0/bin/kitchen:13:in `block in <top (required)>'
E, [2017-07-31T18:22:10.065827 #34540] ERROR -- Kitchen: /Users/ighouri/.rvm/gems/ruby-1.9.3-p551/gems/test-kitchen-1.16.0/lib/kitchen/errors.rb:171:in `with_friendly_errors'
E, [2017-07-31T18:22:10.065835 #34540] ERROR -- Kitchen: /Users/ighouri/.rvm/gems/ruby-1.9.3-p551/gems/test-kitchen-1.16.0/bin/kitchen:13:in `<top (required)>'
E, [2017-07-31T18:22:10.065842 #34540] ERROR -- Kitchen: /Users/ighouri/.rvm/gems/ruby-2.2.1/bin/kitchen:23:in `load'
E, [2017-07-31T18:22:10.065850 #34540] ERROR -- Kitchen: /Users/ighouri/.rvm/gems/ruby-2.2.1/bin/kitchen:23:in `<main>'
E, [2017-07-31T18:22:10.065857 #34540] ERROR -- Kitchen: ----End Backtrace-----
